<?xml version="1.0" encoding="UTF-8"?>
<!-- Generated by org.testng.reporters.JUnitReportReporter -->
<testsuite hostname="vignesh" failures="0" tests="6" name="Pack2.Test3" time="0.028" errors="0" timestamp="2025-06-27T15:07:19 IST" skipped="0">
  <testcase classname="Pack2.Test3" name="DemoSLOGIN" time="0.014"/>
  <system-out/>
  <testcase classname="Pack2.Test3" name="HomeLoan" time="0.003"/>
  <system-out/>
  <testcase classname="Pack2.Test3" name="LOGOUT" time="0.003"/>
  <system-out/>
  <testcase classname="Pack2.Test3" name="DemoSLOGIN" time="0.002"/>
  <system-out/>
  <testcase classname="Pack2.Test3" name="DemoSLOGOUT" time="0.003"/>
  <system-out/>
  <testcase classname="Pack2.Test3" name="DemoSLOGIN" time="0.003"/>
  <system-out/>
</testsuite> <!-- Pack2.Test3 -->
