<?xml version="1.0" encoding="UTF-8"?>
<!-- Generated by org.testng.reporters.JUnitReportReporter -->
<testsuite hostname="vignesh" failures="0" tests="1" name="learnTestNG.Test1" time="0.024" errors="0" timestamp="2025-06-25T15:18:51 IST" skipped="0">
  <testcase classname="learnTestNG.Test1" name="Demo5" time="0.024"/>
  <system-out/>
</testsuite> <!-- learnTestNG.Test1 -->
