<?xml version="1.0" encoding="UTF-8"?>
<!-- Generated by org.testng.reporters.JUnitReportReporter -->
<testsuite hostname="vignesh" failures="0" tests="2" name="learnTestNG.Test2" time="0.008" errors="0" timestamp="2025-06-25T15:18:51 IST" skipped="0">
  <testcase classname="learnTestNG.Test2" name="Demo4" time="0.004"/>
  <system-out/>
  <testcase classname="learnTestNG.Test2" name="Demo2" time="0.004"/>
  <system-out/>
</testsuite> <!-- learnTestNG.Test2 -->
