<?xml version="1.0" encoding="UTF-8"?>
<!-- Generated by org.testng.reporters.JUnitReportReporter -->
<testsuite hostname="vignesh" failures="0" tests="1" name="Pack2.Test3" time="0.016" errors="0" timestamp="2025-06-25T15:36:43 IST" skipped="0">
  <testcase classname="Pack2.Test3" name="LOGOUT" time="0.016"/>
  <system-out/>
</testsuite> <!-- Pack2.Test3 -->
