<?xml version="1.0" encoding="UTF-8"?>
<!-- Generated by org.testng.reporters.JUnitReportReporter -->
<testsuite hostname="vignesh" failures="0" tests="1" name="Pack2.Test5" time="0.002" errors="0" timestamp="2025-06-27T15:07:19 IST" skipped="0">
  <testcase classname="Pack2.Test5" name="Colour2" time="0.002"/>
  <system-out/>
</testsuite> <!-- Pack2.Test5 -->
