<?xml version="1.0" encoding="UTF-8"?>
<!-- Generated by org.testng.reporters.JUnitReportReporter -->
<testsuite hostname="vignesh" failures="0" tests="1" name="Cucumber.TestNGCucumber" time="4.246" errors="0" timestamp="2025-08-18T15:51:40 IST" skipped="0">
  <testcase classname="Cucumber.TestNGCucumber" name="runScenario" time="4.246"/>
</testsuite> <!-- Cucumber.TestNGCucumber -->
