<?xml version="1.0" encoding="UTF-8"?>
<!-- Generated by org.testng.reporters.JUnitReportReporter -->
<testsuite hostname="vignesh" failures="0" tests="1" name="SeleniumMaven.FirstMaven.BasicActions" time="13.698" errors="0" timestamp="2025-07-08T15:15:51 IST" skipped="0">
  <testcase classname="SeleniumMaven.FirstMaven.BasicActions" name="submitOrder" time="13.698"/>
</testsuite> <!-- SeleniumMaven.FirstMaven.BasicActions -->
