<?xml version="1.0" encoding="UTF-8"?>
<!-- Generated by org.testng.reporters.JUnitReportReporter -->
<testsuite hostname="vignesh" failures="0" tests="1" name="BooksScrape.Test.BaseTest" time="14.503" errors="0" timestamp="2025-07-23T00:12:28 IST" skipped="0">
  <testcase classname="BooksScrape.Test.BaseTest" name="BookApplication" time="14.503"/>
</testsuite> <!-- BooksScrape.Test.BaseTest -->
