<?xml version="1.0" encoding="UTF-8"?>
<!-- Generated by org.testng.reporters.JUnitReportReporter -->
<testsuite hostname="vignesh" failures="0" tests="1" name="BooksScrape.Test.BooksScrapeFunctionalTest" time="12.452" errors="0" timestamp="2025-07-23T14:57:07 IST" skipped="0">
  <testcase classname="BooksScrape.Test.BooksScrapeFunctionalTest" name="BookApplication" time="12.452"/>
</testsuite> <!-- BooksScrape.Test.BooksScrapeFunctionalTest -->
