<?xml version="1.0" encoding="UTF-8"?>
<!-- Generated by org.testng.reporters.JUnitReportReporter -->
<testsuite hostname="vignesh" failures="0" tests="2" name="SeleniumMaven.FirstMaven.SubmitOrders" time="12.553" errors="0" timestamp="2025-07-18T14:40:42 IST" skipped="0">
  <testcase classname="SeleniumMaven.FirstMaven.SubmitOrders" name="submitOrder" time="6.042"/>
  <testcase classname="SeleniumMaven.FirstMaven.SubmitOrders" name="submitOrder" time="6.511"/>
</testsuite> <!-- SeleniumMaven.FirstMaven.SubmitOrders -->
